[2025-03-10 20:25:03] =========================================
[2025-03-10 20:25:03] Script execution started. Base path: C:\Users\Masam\Desktop\Stock-Market-LSTM
[2025-03-10 20:25:03] =========================================
[2025-03-10 20:25:03] Preparing to run 'Ticker Downloader'...
[2025-03-10 20:25:33] Executing: C:\Users\Masam\miniconda3\envs\tf\python.exe C:\Users\Masam\Desktop\Stock-Market-LSTM\1__TickerDownloader.py --ImmediateDownload
[2025-03-10 20:25:34] 'Ticker Downloader' completed successfully.
[2025-03-10 20:25:34] Time elapsed for 'Ticker Downloader': 1.04 seconds.
[2025-03-10 20:25:34] -----------------------------------------
[2025-03-10 20:25:34] Preparing to run 'Bulk Price Downloader'...
[2025-03-10 20:26:04] Executing: C:\Users\Masam\miniconda3\envs\tf\python.exe C:\Users\Masam\Desktop\Stock-Market-LSTM\2__BulkPriceDownloader.py --RefreshMode
[2025-03-10 21:10:33] 'Bulk Price Downloader' completed successfully.
[2025-03-10 21:10:33] Time elapsed for 'Bulk Price Downloader': 2668.75 seconds.
[2025-03-10 21:10:33] -----------------------------------------
[2025-03-10 21:10:33] Preparing to run 'Indicators Script'...
[2025-03-10 21:11:03] Executing: C:\Users\Masam\miniconda3\envs\tf\python.exe C:\Users\Masam\Desktop\Stock-Market-LSTM\3__Indicators.py
[2025-03-10 21:11:05] Error running 'Indicators Script'. Error details:
[2025-03-10 21:11:05] Script 'Indicators Script' exited with code 1
[2025-03-10 21:11:05] Time elapsed for 'Indicators Script': 1.64 seconds.
[2025-03-10 21:11:05] -----------------------------------------
[2025-03-10 21:11:05] Preparing to run 'Predictor Script'...
[2025-03-11 20:25:03] =========================================
[2025-03-11 20:25:03] Script execution started. Base path: C:\Users\Masam\Desktop\Stock-Market-LSTM
[2025-03-11 20:25:03] =========================================
[2025-03-11 20:25:03] Preparing to run 'Ticker Downloader'...
[2025-03-12 20:25:03] =========================================
[2025-03-12 20:25:03] Script execution started. Base path: C:\Users\Masam\Desktop\Stock-Market-LSTM
[2025-03-12 20:25:03] =========================================
[2025-03-12 20:25:03] Preparing to run 'Ticker Downloader'...
[2025-03-13 20:25:03] =========================================
[2025-03-13 20:25:03] Script execution started. Base path: C:\Users\Masam\Desktop\Stock-Market-LSTM
[2025-03-13 20:25:03] =========================================
[2025-03-13 20:25:03] Preparing to run 'Ticker Downloader'...
[2025-03-14 20:25:03] =========================================
[2025-03-14 20:25:03] Script execution started. Base path: C:\Users\Masam\Desktop\Stock-Market-LSTM
[2025-03-14 20:25:03] =========================================
[2025-03-14 20:25:03] Preparing to run 'Ticker Downloader'...
[2025-03-15 20:25:03] =========================================
[2025-03-15 20:25:03] Script execution started. Base path: C:\Users\Masam\Desktop\Stock-Market-LSTM
[2025-03-15 20:25:03] =========================================
[2025-03-15 20:25:03] Preparing to run 'Ticker Downloader'...
[2025-03-15 20:25:33] Executing: C:\Users\Masam\miniconda3\envs\tf\python.exe C:\Users\Masam\Desktop\Stock-Market-LSTM\1__TickerDownloader.py --ImmediateDownload
[2025-03-15 20:25:34] 'Ticker Downloader' completed successfully.
[2025-03-15 20:25:34] Time elapsed for 'Ticker Downloader': 1.04 seconds.
[2025-03-15 20:25:34] -----------------------------------------
[2025-03-15 20:25:34] Preparing to run 'Bulk Price Downloader'...
[2025-03-15 20:26:04] Executing: C:\Users\Masam\miniconda3\envs\tf\python.exe C:\Users\Masam\Desktop\Stock-Market-LSTM\2__BulkPriceDownloader.py --RefreshMode
[2025-03-15 21:09:52] 'Bulk Price Downloader' completed successfully.
[2025-03-15 21:09:52] Time elapsed for 'Bulk Price Downloader': 2627.54 seconds.
[2025-03-15 21:09:52] -----------------------------------------
[2025-03-15 21:09:52] Preparing to run 'Indicators Script'...
[2025-03-15 21:10:22] Executing: C:\Users\Masam\miniconda3\envs\tf\python.exe C:\Users\Masam\Desktop\Stock-Market-LSTM\3__Indicators.py
[2025-03-17 20:25:03] =========================================
[2025-03-17 20:25:03] Script execution started. Base path: C:\Users\Masam\Desktop\Stock-Market-LSTM
[2025-03-17 20:25:03] =========================================
[2025-03-17 20:25:03] Preparing to run 'Ticker Downloader'...
[2025-03-17 20:25:33] Executing: C:\Users\Masam\miniconda3\envs\tf\python.exe C:\Users\Masam\Desktop\Stock-Market-LSTM\1__TickerDownloader.py --ImmediateDownload
[2025-03-17 20:25:34] 'Ticker Downloader' completed successfully.
[2025-03-17 20:25:34] Time elapsed for 'Ticker Downloader': 1.38 seconds.
[2025-03-17 20:25:34] -----------------------------------------
[2025-03-17 20:25:34] Preparing to run 'Bulk Price Downloader'...
[2025-03-17 20:26:04] Executing: C:\Users\Masam\miniconda3\envs\tf\python.exe C:\Users\Masam\Desktop\Stock-Market-LSTM\2__BulkPriceDownloader.py --RefreshMode
[2025-03-17 21:09:41] 'Bulk Price Downloader' completed successfully.
[2025-03-17 21:09:41] Time elapsed for 'Bulk Price Downloader': 2616.73 seconds.
[2025-03-17 21:09:41] -----------------------------------------
[2025-03-17 21:09:41] Preparing to run 'Indicators Script'...
[2025-03-17 21:10:11] Executing: C:\Users\Masam\miniconda3\envs\tf\python.exe C:\Users\Masam\Desktop\Stock-Market-LSTM\3__Indicators.py
[2025-03-17 21:26:23] 'Indicators Script' completed successfully.
[2025-03-17 21:26:23] Time elapsed for 'Indicators Script': 972.5 seconds.
[2025-03-17 21:26:23] -----------------------------------------
[2025-03-17 21:26:23] Preparing to run 'Predictor Script'...
[2025-03-17 21:26:54] Executing: C:\Users\Masam\miniconda3\envs\tf\python.exe C:\Users\Masam\Desktop\Stock-Market-LSTM\4__Predictor.py --predict --model xgb
[2025-03-17 21:30:11] 'Predictor Script' completed successfully.
[2025-03-17 21:30:11] Time elapsed for 'Predictor Script': 197.93 seconds.
[2025-03-17 21:30:11] -----------------------------------------
[2025-03-17 21:30:11] Preparing to run 'Nightly BackTester Script'...
[2025-03-17 21:30:41] Executing: C:\Users\Masam\miniconda3\envs\tf\python.exe C:\Users\Masam\Desktop\Stock-Market-LSTM\5__NightlyBackTester.py --force
[2025-03-17 21:33:49] 'Nightly BackTester Script' completed successfully.
[2025-03-17 21:33:49] Time elapsed for 'Nightly BackTester Script': 187.62 seconds.
[2025-03-17 21:33:49] -----------------------------------------
[2025-03-17 21:33:49] All scripts have been executed.
[2025-03-17 21:33:49] Looking for Buy Signals parquet file...
[2025-03-17 21:33:50] No Buy Signals parquet file found.
[2025-03-17 21:33:50] This Day's Buy Signals Saved to trading_data.parquet
[2025-03-17 21:33:50] Script execution completed.
[2025-03-17 21:33:50] =========================================
[2025-03-18 20:25:03] =========================================
[2025-03-18 20:25:03] Script execution started. Base path: C:\Users\Masam\Desktop\Stock-Market-LSTM
[2025-03-18 20:25:03] =========================================
[2025-03-18 20:25:03] Preparing to run 'Ticker Downloader'...
[2025-03-18 20:25:33] Executing: C:\Users\Masam\miniconda3\envs\tf\python.exe C:\Users\Masam\Desktop\Stock-Market-LSTM\1__TickerDownloader.py --ImmediateDownload
[2025-03-18 20:25:34] 'Ticker Downloader' completed successfully.
[2025-03-18 20:25:34] Time elapsed for 'Ticker Downloader': 1.38 seconds.
[2025-03-18 20:25:34] -----------------------------------------
[2025-03-18 20:25:34] Preparing to run 'Bulk Price Downloader'...
[2025-03-18 20:26:04] Executing: C:\Users\Masam\miniconda3\envs\tf\python.exe C:\Users\Masam\Desktop\Stock-Market-LSTM\2__BulkPriceDownloader.py --RefreshMode
[2025-03-19 20:25:03] =========================================
[2025-03-19 20:25:03] Script execution started. Base path: C:\Users\Masam\Desktop\Stock-Market-LSTM
[2025-03-19 20:25:03] =========================================
[2025-03-19 20:25:03] Preparing to run 'Ticker Downloader'...
[2025-03-19 20:25:33] Executing: C:\Users\Masam\miniconda3\envs\tf\python.exe C:\Users\Masam\Desktop\Stock-Market-LSTM\1__TickerDownloader.py --ImmediateDownload
[2025-03-19 20:25:35] 'Ticker Downloader' completed successfully.
[2025-03-19 20:25:35] Time elapsed for 'Ticker Downloader': 1.47 seconds.
[2025-03-19 20:25:35] -----------------------------------------
[2025-03-19 20:25:35] Preparing to run 'Bulk Price Downloader'...
[2025-03-19 20:26:05] Executing: C:\Users\Masam\miniconda3\envs\tf\python.exe C:\Users\Masam\Desktop\Stock-Market-LSTM\2__BulkPriceDownloader.py --RefreshMode
[2025-03-20 20:25:04] =========================================
[2025-03-20 20:25:05] Script execution started. Base path: C:\Users\Masam\Desktop\Stock-Market-LSTM
[2025-03-20 20:25:05] =========================================
[2025-03-20 20:25:05] Preparing to run 'Ticker Downloader'...
[2025-03-20 20:25:35] Executing: C:\Users\Masam\miniconda3\envs\tf\python.exe C:\Users\Masam\Desktop\Stock-Market-LSTM\1__TickerDownloader.py --ImmediateDownload
[2025-03-20 20:25:37] 'Ticker Downloader' completed successfully.
[2025-03-20 20:25:37] Time elapsed for 'Ticker Downloader': 2.26 seconds.
[2025-03-20 20:25:37] -----------------------------------------
[2025-03-20 20:25:37] Preparing to run 'Bulk Price Downloader'...
[2025-03-20 20:26:07] Executing: C:\Users\Masam\miniconda3\envs\tf\python.exe C:\Users\Masam\Desktop\Stock-Market-LSTM\2__BulkPriceDownloader.py --RefreshMode
